<?xml version="1.0" encoding="UTF-8"?>
<!-- Generated by org.testng.reporters.JUnitReportReporter -->
<testsuite hostname="DESKTOP-RPJKCL8" name="walmart.Runner.Runner" tests="1" failures="0" timestamp="12 Apr 2020 00:45:54 GMT" time="6.995" errors="0">
  <testcase name="feature" time="6.995" classname="walmart.Runner.Runner"/>
</testsuite> <!-- walmart.Runner.Runner -->
